<?xml version="1.0" encoding="UTF-8"?>
<testng-results ignored="0" total="5" passed="5" failed="0" skipped="0">
  <reporter-output>
  </reporter-output>
  <suite started-at="2021-08-24T20:02:35Z" name="Default Suite" finished-at="2021-08-24T20:02:55Z" duration-ms="20675">
    <groups>
      <group name="cucumber">
        <method signature="AbstractTestNGCucumberTests.runScenario(io.cucumber.testng.PickleWrapper, io.cucumber.testng.FeatureWrapper)[pri:0, instance:Parallel.ParallelRun@4df828d7]" name="runScenario" class="io.cucumber.testng.AbstractTestNGCucumberTests"/>
      </group> <!-- cucumber -->
    </groups>
    <test started-at="2021-08-24T20:02:35Z" name="TestNgTestCukeHybrid" finished-at="2021-08-24T20:02:55Z" duration-ms="20675">
      <class name="Parallel.ParallelRun">
        <test-method is-config="true" signature="setUpClass()[pri:0, instance:Parallel.ParallelRun@4df828d7]" started-at="2021-08-24T20:02:35Z" name="setUpClass" finished-at="2021-08-24T20:02:35Z" duration-ms="751" status="PASS">
          <reporter-output>
          </reporter-output>
        </test-method> <!-- setUpClass -->
        <test-method signature="runScenario(io.cucumber.testng.PickleWrapper, io.cucumber.testng.FeatureWrapper)[pri:0, instance:Parallel.ParallelRun@4df828d7]" started-at="2021-08-24T20:02:35Z" name="runScenario" description="Runs Cucumber Scenarios" data-provider="scenarios" finished-at="2021-08-24T20:02:52Z" duration-ms="16404" status="PASS">
          <params>
            <param index="0">
              <value>
                <![CDATA["Accounts section count"]]>
              </value>
            </param>
            <param index="1">
              <value>
                <![CDATA["Optional[Account Page Feature]"]]>
              </value>
            </param>
          </params>
          <reporter-output>
          </reporter-output>
        </test-method> <!-- runScenario -->
        <test-method signature="runScenario(io.cucumber.testng.PickleWrapper, io.cucumber.testng.FeatureWrapper)[pri:0, instance:Parallel.ParallelRun@4df828d7]" started-at="2021-08-24T20:02:35Z" name="runScenario" description="Runs Cucumber Scenarios" data-provider="scenarios" finished-at="2021-08-24T20:02:51Z" duration-ms="16184" status="PASS">
          <params>
            <param index="0">
              <value>
                <![CDATA["Accounts page title"]]>
              </value>
            </param>
            <param index="1">
              <value>
                <![CDATA["Optional[Account Page Feature]"]]>
              </value>
            </param>
          </params>
          <reporter-output>
          </reporter-output>
        </test-method> <!-- runScenario -->
        <test-method signature="runScenario(io.cucumber.testng.PickleWrapper, io.cucumber.testng.FeatureWrapper)[pri:0, instance:Parallel.ParallelRun@4df828d7]" started-at="2021-08-24T20:02:35Z" name="runScenario" description="Runs Cucumber Scenarios" data-provider="scenarios" finished-at="2021-08-24T20:02:43Z" duration-ms="7781" status="PASS">
          <params>
            <param index="0">
              <value>
                <![CDATA["Forgot Password link"]]>
              </value>
            </param>
            <param index="1">
              <value>
                <![CDATA["Optional[Login page feature]"]]>
              </value>
            </param>
          </params>
          <reporter-output>
          </reporter-output>
        </test-method> <!-- runScenario -->
        <test-method signature="runScenario(io.cucumber.testng.PickleWrapper, io.cucumber.testng.FeatureWrapper)[pri:0, instance:Parallel.ParallelRun@4df828d7]" started-at="2021-08-24T20:02:35Z" name="runScenario" description="Runs Cucumber Scenarios" data-provider="scenarios" finished-at="2021-08-24T20:02:52Z" duration-ms="16527" status="PASS">
          <params>
            <param index="0">
              <value>
                <![CDATA["Login with correct credentials"]]>
              </value>
            </param>
            <param index="1">
              <value>
                <![CDATA["Optional[Login page feature]"]]>
              </value>
            </param>
          </params>
          <reporter-output>
          </reporter-output>
        </test-method> <!-- runScenario -->
        <test-method signature="runScenario(io.cucumber.testng.PickleWrapper, io.cucumber.testng.FeatureWrapper)[pri:0, instance:Parallel.ParallelRun@4df828d7]" started-at="2021-08-24T20:02:35Z" name="runScenario" description="Runs Cucumber Scenarios" data-provider="scenarios" finished-at="2021-08-24T20:02:42Z" duration-ms="7174" status="PASS">
          <params>
            <param index="0">
              <value>
                <![CDATA["Login page title"]]>
              </value>
            </param>
            <param index="1">
              <value>
                <![CDATA["Optional[Login page feature]"]]>
              </value>
            </param>
          </params>
          <reporter-output>
          </reporter-output>
        </test-method> <!-- runScenario -->
        <test-method is-config="true" signature="tearDownClass()[pri:0, instance:Parallel.ParallelRun@4df828d7]" started-at="2021-08-24T20:02:52Z" name="tearDownClass" finished-at="2021-08-24T20:02:55Z" duration-ms="3375" status="PASS">
          <reporter-output>
          </reporter-output>
        </test-method> <!-- tearDownClass -->
      </class> <!-- Parallel.ParallelRun -->
    </test> <!-- TestNgTestCukeHybrid -->
  </suite> <!-- Default Suite -->
</testng-results>
